Arguments: 
  C:\Program Files\nodejs\node.exe C:\Users\lllde\AppData\Roaming\npm\node_modules\yarn\bin\yarn.js add node-fetc

PATH: 
  C:\Program Files\Docker\Docker\Resources\bin;C:\Program Files\Microsoft MPI\Bin\;C:\WINDOWS\system32;C:\WINDOWS;C:\WINDOWS\System32\Wbem;C:\WINDOWS\System32\WindowsPowerShell\v1.0\;C:\Program Files\Anaconda3;C:\Program Files\Anaconda3\Scripts;C:\Program Files\Anaconda3\Library\bin;C:\Program Files\Git\cmd;C:\Program Files\Java\jdk1.8.0_131\bin;C:\Program Files\Java\jdk1.8.0_131\jre\bin;C:\Program Files\nodejs\;C:\Users\lllde\scoop\shims;C:\Users\lllde\AppData\Local\Microsoft\WindowsApps;;C:\Users\lllde\AppData\Roaming\npm;C:\Program Files\Microsoft VS Code\bin

Yarn version: 
  0.24.5

Node version: 
  8.1.4

Platform: 
  win32 x64

npm manifest: 
  {
    "dependencies": {
      "axios": "^0.16.2"
    }
  }

yarn manifest: 
  No manifest

Lockfile: 
  # THIS IS AN AUTOGENERATED FILE. DO NOT EDIT THIS FILE DIRECTLY.
  # yarn lockfile v1
  
  
  axios@^0.16.2:
    version "0.16.2"
    resolved "http://registry.npm.taobao.org/axios/download/axios-0.16.2.tgz#ba4f92f17167dfbab40983785454b9ac149c3c6d"
    dependencies:
      follow-redirects "^1.2.3"
      is-buffer "^1.1.5"
  
  debug@^2.4.5:
    version "2.6.8"
    resolved "http://registry.npm.taobao.org/debug/download/debug-2.6.8.tgz#e731531ca2ede27d188222427da17821d68ff4fc"
    dependencies:
      ms "2.0.0"
  
  follow-redirects@^1.2.3:
    version "1.2.4"
    resolved "http://registry.npm.taobao.org/follow-redirects/download/follow-redirects-1.2.4.tgz#355e8f4d16876b43f577b0d5ce2668b9723214ea"
    dependencies:
      debug "^2.4.5"
  
  is-buffer@^1.1.5:
    version "1.1.5"
    resolved "http://registry.npm.taobao.org/is-buffer/download/is-buffer-1.1.5.tgz#1f3b26ef613b214b88cbca23cc6c01d87961eecc"
  
  ms@2.0.0:
    version "2.0.0"
    resolved "http://registry.npm.taobao.org/ms/download/ms-2.0.0.tgz#5608aeadfc00be6c2901df5f9861788de0d597c8"

Trace: 
  TypeError: https://registry.npm.taobao.org/node-fetc: Request path contains unescaped characters
      at new ClientRequest (_http_client.js:125:13)
      at Object.request (http.js:39:10)
      at Object.request (https.js:233:15)
      at Request.start (C:\Users\lllde\AppData\Roaming\npm\node_modules\yarn\node_modules\request\request.js:755:32)
      at Request.end (C:\Users\lllde\AppData\Roaming\npm\node_modules\yarn\node_modules\request\request.js:1525:10)
      at end (C:\Users\lllde\AppData\Roaming\npm\node_modules\yarn\node_modules\request\request.js:567:14)
      at Immediate._onImmediate (C:\Users\lllde\AppData\Roaming\npm\node_modules\yarn\node_modules\request\request.js:581:7)
      at runCallback (timers.js:800:20)
      at tryOnImmediate (timers.js:762:5)
      at processImmediate [as _immediateCallback] (timers.js:733:5)
